0 info it worked if it ends with ok
1 verbose cli [ '/usr/bin/nodejs', '/usr/bin/npm', 'install', '-g', 'bower' ]
2 info using npm@1.4.21
3 info using node@v0.10.25
4 verbose cache add [ 'bower', null ]
5 verbose cache add name=undefined spec="bower" args=["bower",null]
6 verbose parsed url { protocol: null,
6 verbose parsed url   slashes: null,
6 verbose parsed url   auth: null,
6 verbose parsed url   host: null,
6 verbose parsed url   port: null,
6 verbose parsed url   hostname: null,
6 verbose parsed url   hash: null,
6 verbose parsed url   search: null,
6 verbose parsed url   query: null,
6 verbose parsed url   pathname: 'bower',
6 verbose parsed url   path: 'bower',
6 verbose parsed url   href: 'bower' }
7 silly lockFile 206e3ce5-bower bower
8 verbose lock bower /home/julio/.npm/206e3ce5-bower.lock
9 silly lockFile 206e3ce5-bower bower
10 silly lockFile 206e3ce5-bower bower
11 verbose addNamed [ 'bower', '' ]
12 verbose addNamed [ null, '*' ]
13 silly lockFile 1240aab1-bower bower@
14 verbose lock bower@ /home/julio/.npm/1240aab1-bower.lock
15 silly addNameRange { name: 'bower', range: '*', hasData: false }
16 verbose request where is /bower
17 verbose request registry https://registry.npmjs.org/
18 verbose request id 3e454d81dfd2f94a
19 verbose url raw /bower
20 verbose url resolving [ 'https://registry.npmjs.org/', './bower' ]
21 verbose url resolved https://registry.npmjs.org/bower
22 verbose request where is https://registry.npmjs.org/bower
23 info trying registry request attempt 1 at 10:36:01
24 verbose etag "4R01ELD5UM1LJEMT18X281OQV"
25 http GET https://registry.npmjs.org/bower
26 http 304 https://registry.npmjs.org/bower
27 silly registry.get cb [ 304,
27 silly registry.get   { date: 'Mon, 30 Nov 2015 12:36:02 GMT',
27 silly registry.get     via: '1.1 varnish',
27 silly registry.get     'cache-control': 'max-age=60',
27 silly registry.get     etag: '"4R01ELD5UM1LJEMT18X281OQV"',
27 silly registry.get     age: '36',
27 silly registry.get     connection: 'keep-alive',
27 silly registry.get     'x-served-by': 'cache-lax1421-LAX',
27 silly registry.get     'x-cache': 'HIT',
27 silly registry.get     'x-cache-hits': '1',
27 silly registry.get     'x-timer': 'S1448886962.377741,VS0,VE1',
27 silly registry.get     vary: 'Accept' } ]
28 verbose etag https://registry.npmjs.org/bower from cache
29 silly addNameRange number 2 { name: 'bower', range: '*', hasData: true }
30 silly addNameRange versions [ 'bower',
30 silly addNameRange   [ '0.1.0',
30 silly addNameRange     '0.1.2',
30 silly addNameRange     '0.1.3',
30 silly addNameRange     '0.2.0',
30 silly addNameRange     '0.3.0',
30 silly addNameRange     '0.3.1',
30 silly addNameRange     '0.3.2',
30 silly addNameRange     '0.4.0',
30 silly addNameRange     '0.5.0',
30 silly addNameRange     '0.5.1',
30 silly addNameRange     '0.6.0',
30 silly addNameRange     '0.6.1',
30 silly addNameRange     '0.6.2',
30 silly addNameRange     '0.6.3',
30 silly addNameRange     '0.6.4',
30 silly addNameRange     '0.6.5',
30 silly addNameRange     '0.6.6',
30 silly addNameRange     '0.6.7',
30 silly addNameRange     '0.6.8',
30 silly addNameRange     '0.7.0',
30 silly addNameRange     '0.7.1',
30 silly addNameRange     '0.8.0',
30 silly addNameRange     '0.8.1',
30 silly addNameRange     '0.8.2',
30 silly addNameRange     '0.8.3',
30 silly addNameRange     '0.8.4',
30 silly addNameRange     '0.8.5',
30 silly addNameRange     '0.8.6',
30 silly addNameRange     '0.9.0',
30 silly addNameRange     '0.9.1',
30 silly addNameRange     '0.9.2',
30 silly addNameRange     '0.10.0',
30 silly addNameRange     '1.0.0',
30 silly addNameRange     '1.0.1',
30 silly addNameRange     '1.0.2',
30 silly addNameRange     '1.0.3',
30 silly addNameRange     '1.1.0',
30 silly addNameRange     '1.1.1',
30 silly addNameRange     '1.1.2',
30 silly addNameRange     '1.2.0',
30 silly addNameRange     '1.2.1',
30 silly addNameRange     '1.2.2',
30 silly addNameRange     '1.2.3',
30 silly addNameRange     '1.2.4',
30 silly addNameRange     '1.2.5',
30 silly addNameRange     '1.2.6',
30 silly addNameRange     '1.2.7',
30 silly addNameRange     '1.2.8',
30 silly addNameRange     '1.3.0',
30 silly addNameRange     '1.3.1',
30 silly addNameRange     '1.3.2',
30 silly addNameRange     '1.3.3',
30 silly addNameRange     '1.3.4',
30 silly addNameRange     '1.3.5',
30 silly addNameRange     '1.3.6',
30 silly addNameRange     '1.3.7',
30 silly addNameRange     '1.3.8',
30 silly addNameRange     '1.3.9',
30 silly addNameRange     '1.3.10',
30 silly addNameRange     '1.3.11',
30 silly addNameRange     '1.3.12',
30 silly addNameRange     '1.4.0',
30 silly addNameRange     '1.4.1',
30 silly addNameRange     '1.5.0',
30 silly addNameRange     '1.5.1',
30 silly addNameRange     '1.5.2',
30 silly addNameRange     '1.5.3',
30 silly addNameRange     '1.6.2',
30 silly addNameRange     '1.6.3',
30 silly addNameRange     '1.6.4',
30 silly addNameRange     '1.6.5',
30 silly addNameRange     '1.5.4',
30 silly addNameRange     '1.4.2',
30 silly addNameRange     '1.6.6',
30 silly addNameRange     '1.6.7',
30 silly addNameRange     '1.6.8' ] ]
31 verbose addNamed [ 'bower', '1.6.8' ]
32 verbose addNamed [ '1.6.8', '1.6.8' ]
33 silly lockFile 55262212-bower-1-6-8 bower@1.6.8
34 verbose lock bower@1.6.8 /home/julio/.npm/55262212-bower-1-6-8.lock
35 silly lockFile 55262212-bower-1-6-8 bower@1.6.8
36 silly lockFile 55262212-bower-1-6-8 bower@1.6.8
37 silly lockFile 1240aab1-bower bower@
38 silly lockFile 1240aab1-bower bower@
39 silly resolved [ { name: 'bower',
39 silly resolved     version: '1.6.8',
39 silly resolved     description: 'The browser package manager',
39 silly resolved     author: { name: 'Twitter' },
39 silly resolved     license: 'MIT',
39 silly resolved     repository: { type: 'git', url: 'git+https://github.com/bower/bower.git' },
39 silly resolved     main: 'lib',
39 silly resolved     homepage: 'http://bower.io',
39 silly resolved     engines: { node: '>=0.10.0' },
39 silly resolved     keywords: [ 'bower' ],
39 silly resolved     dependencies:
39 silly resolved      { abbrev: '^1.0.5',
39 silly resolved        archy: '1.0.0',
39 silly resolved        'bower-config': '^1.2.3',
39 silly resolved        'bower-endpoint-parser': '^0.2.2',
39 silly resolved        'bower-json': '^0.4.0',
39 silly resolved        'bower-logger': '^0.2.2',
39 silly resolved        'bower-registry-client': '^1.0.0',
39 silly resolved        cardinal: '0.4.4',
39 silly resolved        chalk: '^1.0.0',
39 silly resolved        chmodr: '^1.0.2',
39 silly resolved        configstore: '^0.3.2',
39 silly resolved        'decompress-zip': '^0.1.0',
39 silly resolved        destroy: '^1.0.3',
39 silly resolved        'fs-write-stream-atomic': 'github:sheerun/fs-write-stream-atomic#v1.0.4-fix',
39 silly resolved        fstream: '^1.0.3',
39 silly resolved        'fstream-ignore': '^1.0.2',
39 silly resolved        github: '^0.2.3',
39 silly resolved        glob: '^4.3.2',
39 silly resolved        'graceful-fs': '^3.0.5',
39 silly resolved        handlebars: '^2.0.0',
39 silly resolved        inquirer: '0.10.0',
39 silly resolved        insight: '^0.7.0',
39 silly resolved        'is-root': '^1.0.0',
39 silly resolved        junk: '^1.0.0',
39 silly resolved        lockfile: '^1.0.0',
39 silly resolved        'lru-cache': '^2.5.0',
39 silly resolved        'md5-hex': '^1.0.2',
39 silly resolved        mkdirp: '0.5.0',
39 silly resolved        mout: '^0.11.0',
39 silly resolved        nopt: '^3.0.1',
39 silly resolved        opn: '^1.0.1',
39 silly resolved        'p-throttler': '0.1.1',
39 silly resolved        promptly: '0.2.0',
39 silly resolved        q: '^1.1.2',
39 silly resolved        request: '2.53.0',
39 silly resolved        'request-progress': '0.3.1',
39 silly resolved        retry: '0.6.1',
39 silly resolved        rimraf: '^2.2.8',
39 silly resolved        semver: '^2.3.0',
39 silly resolved        'shell-quote': '^1.4.2',
39 silly resolved        'stringify-object': '^1.0.0',
39 silly resolved        'tar-fs': '^1.4.1',
39 silly resolved        tmp: '0.0.24',
39 silly resolved        'update-notifier': '^0.3.0',
39 silly resolved        'user-home': '^1.1.0',
39 silly resolved        which: '^1.0.8' },
39 silly resolved     devDependencies:
39 silly resolved      { chai: '^1.10.0',
39 silly resolved        coveralls: '^2.11.2',
39 silly resolved        'expect.js': '^0.3.1',
39 silly resolved        grunt: '^0.4.5',
39 silly resolved        'grunt-cli': '^0.1.13',
39 silly resolved        'grunt-contrib-jshint': '^0.10.0',
39 silly resolved        'grunt-contrib-watch': '^0.6.1',
39 silly resolved        'grunt-exec': '^0.4.6',
39 silly resolved        'grunt-simple-mocha': '^0.4.0',
39 silly resolved        istanbul: '^0.3.5',
39 silly resolved        'load-grunt-tasks': '^2.0.0',
39 silly resolved        mocha: '^2.1.0',
39 silly resolved        multiline: '^1.0.2',
39 silly resolved        nock: '^3.1.0',
39 silly resolved        'node-uuid': '^1.4.2',
39 silly resolved        proxyquire: '^1.3.0',
39 silly resolved        'spawn-sync': '1.0.13' },
39 silly resolved     scripts: { test: 'grunt test' },
39 silly resolved     bin: { bower: 'bin/bower' },
39 silly resolved     files: [ 'bin', 'lib', 'templates' ],
39 silly resolved     gitHead: '50ed13e4eed2cbd684e534087fd5f67030ae738d',
39 silly resolved     bugs: { url: 'https://github.com/bower/bower/issues' },
39 silly resolved     bundleDependencies:
39 silly resolved      [ 'abbrev',
39 silly resolved        'archy',
39 silly resolved        'bower-config',
39 silly resolved        'bower-endpoint-parser',
39 silly resolved        'bower-json',
39 silly resolved        'bower-logger',
39 silly resolved        'bower-registry-client',
39 silly resolved        'cardinal',
39 silly resolved        'chalk',
39 silly resolved        'chmodr',
39 silly resolved        'configstore',
39 silly resolved        'decompress-zip',
39 silly resolved        'destroy',
39 silly resolved        'fs-write-stream-atomic',
39 silly resolved        'fstream',
39 silly resolved        'fstream-ignore',
39 silly resolved        'github',
39 silly resolved        'glob',
39 silly resolved        'graceful-fs',
39 silly resolved        'handlebars',
39 silly resolved        'inquirer',
39 silly resolved        'insight',
39 silly resolved        'is-root',
39 silly resolved        'junk',
39 silly resolved        'lockfile',
39 silly resolved        'lru-cache',
39 silly resolved        'md5-hex',
39 silly resolved        'mkdirp',
39 silly resolved        'mout',
39 silly resolved        'nopt',
39 silly resolved        'opn',
39 silly resolved        'p-throttler',
39 silly resolved        'promptly',
39 silly resolved        'q',
39 silly resolved        'request',
39 silly resolved        'request-progress',
39 silly resolved        'retry',
39 silly resolved        'rimraf',
39 silly resolved        'semver',
39 silly resolved        'shell-quote',
39 silly resolved        'stringify-object',
39 silly resolved        'tar-fs',
39 silly resolved        'tmp',
39 silly resolved        'update-notifier',
39 silly resolved        'user-home',
39 silly resolved        'which' ],
39 silly resolved     _id: 'bower@1.6.8',
39 silly resolved     _shasum: '4e9400d9f06efc97aed94518f42fceee93ec2a4d',
39 silly resolved     _from: 'bower@',
39 silly resolved     _npmVersion: '2.14.10',
39 silly resolved     _nodeVersion: '4.1.1',
39 silly resolved     _npmUser: { name: 'sheerun', email: 'sheerun@sher.pl' },
39 silly resolved     dist:
39 silly resolved      { shasum: '4e9400d9f06efc97aed94518f42fceee93ec2a4d',
39 silly resolved        tarball: 'http://registry.npmjs.org/bower/-/bower-1.6.8.tgz' },
39 silly resolved     maintainers:
39 silly resolved      [ [Object],
39 silly resolved        [Object],
39 silly resolved        [Object],
39 silly resolved        [Object],
39 silly resolved        [Object],
39 silly resolved        [Object],
39 silly resolved        [Object] ],
39 silly resolved     directories: {},
39 silly resolved     _resolved: 'https://registry.npmjs.org/bower/-/bower-1.6.8.tgz',
39 silly resolved     readme: 'ERROR: No README data found!' } ]
40 info install bower@1.6.8 into /usr/local/lib
41 info installOne bower@1.6.8
42 verbose lib/node_modules/bower unbuild
43 info preuninstall bower@1.6.5
44 info uninstall bower@1.6.5
45 verbose true,/usr/local/lib/node_modules,/usr/local/lib/node_modules unbuild bower@1.6.5
46 verbose /usr/local/bin,[object Object] binRoot
47 verbose lib/node_modules/bower unbuild
48 info preuninstall bower@1.6.5
49 info uninstall bower@1.6.5
50 verbose true,/usr/local/lib/node_modules,/usr/local/lib/node_modules unbuild bower@1.6.5
51 verbose /usr/local/bin,[object Object] binRoot
52 error error rolling back Error: EACCES, unlink '/usr/local/bin/bower'
52 error error rolling back  bower@1.6.8 { [Error: EACCES, unlink '/usr/local/bin/bower'] errno: 3, code: 'EACCES', path: '/usr/local/bin/bower' }
53 error Error: EACCES, unlink '/usr/local/bin/bower'
53 error  { [Error: EACCES, unlink '/usr/local/bin/bower'] errno: 3, code: 'EACCES', path: '/usr/local/bin/bower' }
54 error Please try running this command again as root/Administrator.
55 error System Linux 4.2.0-18-generic
56 error command "/usr/bin/nodejs" "/usr/bin/npm" "install" "-g" "bower"
57 error cwd /home/julio/Projetos/sensycal/wp-content/themes/unius
58 error node -v v0.10.25
59 error npm -v 1.4.21
60 error path /usr/local/bin/bower
61 error code EACCES
62 error errno 3
63 error stack Error: EACCES, unlink '/usr/local/bin/bower'
64 verbose exit [ 3, true ]
